<?xml version="1.0" encoding="UTF-8"?>
<TestRun id="8df00cf2-aade-4b69-9d91-b344a1042e96" name="vigarcia@VIGARCIA-PC 2011-06-20 21:28:12" runUser="vigarcia-PC\vigarcia" xmlns="http://microsoft.com/schemas/VisualStudio/TeamTest/2010">
  <TestSettings name="Local" id="2436ce74-7167-4c3b-9c14-34f93e8fdd86">
    <Description>These are default test settings for a local test run.</Description>
    <Deployment runDeploymentRoot="vigarcia_VIGARCIA-PC 2011-06-20 21_28_12">
      <DeploymentItem filename="D:\Codi\iExpertos\Roboexplorers\3rd party libraries\Moq.dll" />
    </Deployment>
    <Execution>
      <TestTypeSpecific>
        <UnitTestRunConfig testTypeId="13cdc9d9-ddb5-4fa4-a97d-d965ccfc6d4b">
          <AssemblyResolution>
            <TestDirectory useLoadContext="true" />
          </AssemblyResolution>
        </UnitTestRunConfig>
        <WebTestRunConfiguration testTypeId="4e7599fa-5ecb-43e9-a887-cd63cf72d207">
          <Browser name="Internet Explorer 7.0">
            <Headers>
              <Header name="User-Agent" value="Mozilla/4.0 (compatible; MSIE 7.0; Windows NT 5.1)" />
              <Header name="Accept" value="*/*" />
              <Header name="Accept-Language" value="{{$IEAcceptLanguage}}" />
              <Header name="Accept-Encoding" value="GZIP" />
            </Headers>
          </Browser>
        </WebTestRunConfiguration>
      </TestTypeSpecific>
      <AgentRule name="LocalMachineDefaultRole">
        <DataCollectors>
          <DataCollector uri="datacollector://microsoft/CodeCoverage/1.0" assemblyQualifiedName="Microsoft.VisualStudio.TestTools.CodeCoverage.CoveragePlugIn, Microsoft.VisualStudio.QualityTools.Plugins.CodeCoverage, Version=10.0.0.0, Culture=neutral, PublicKeyToken=b03f5f7f11d50a3a" friendlyName="Code Coverage">
            <Configuration>
              <CodeCoverage xmlns="">
                <Regular>
                  <CodeCoverageItem binaryFile="D:\Codi\iExpertos\Roboexplorers\Iteracion1.2\RoboExplorers.Test\RoboExplorers.Test\bin\Debug\RoboExplorers.Test.dll" pdbFile="D:\Codi\iExpertos\Roboexplorers\Iteracion1.2\RoboExplorers.Test\RoboExplorers.Test\bin\Debug\RoboExplorers.Test.instr.pdb" instrumentInPlace="true" />
                </Regular>
              </CodeCoverage>
            </Configuration>
          </DataCollector>
        </DataCollectors>
      </AgentRule>
    </Execution>
  </TestSettings>
  <Times creation="2011-06-20T21:28:12.2461478+02:00" queuing="2011-06-20T21:28:12.5561482+02:00" start="2011-06-20T21:28:12.6061483+02:00" finish="2011-06-20T21:28:15.1961519+02:00" />
  <ResultSummary outcome="Failed">
    <Counters total="5" executed="5" passed="4" error="0" failed="1" timeout="0" aborted="0" inconclusive="0" passedButRunAborted="0" notRunnable="0" notExecuted="0" disconnected="0" warning="0" completed="0" inProgress="0" pending="0" />
    <ResultFiles>
      <ResultFile path="VIGARCIA-PC\data.coverage" />
    </ResultFiles>
  </ResultSummary>
  <TestDefinitions>
    <UnitTest name="SiInitializeMeDevueleOKLlamoAMove" storage="d:\codi\iexpertos\roboexplorers\iteracion1.2\roboexplorers.test\roboexplorers.test\bin\debug\roboexplorers.test.dll" id="01a3e7b8-6b0d-18bb-5f61-d8873826dfaa">
      <Execution id="d85a1d9a-52bc-4b23-bf25-92d14dbc355d" />
      <TestMethod codeBase="D:/Codi/iExpertos/Roboexplorers/Iteracion1.2/RoboExplorers.Test/RoboExplorers.Test/bin/Debug/RoboExplorers.Test.DLL" adapterTypeName="Microsoft.VisualStudio.TestTools.TestTypes.Unit.UnitTestAdapter, Microsoft.VisualStudio.QualityTools.Tips.UnitTest.Adapter, Version=10.0.0.0, Culture=neutral, PublicKeyToken=b03f5f7f11d50a3a" className="RoboExplorers.Test.RoboExplorerTest, RoboExplorers.Test, Version=1.0.0.0, Culture=neutral, PublicKeyToken=null" name="SiInitializeMeDevueleOKLlamoAMove" />
    </UnitTest>
    <UnitTest name="SiElServidorMeDevuelveGameOverDespuesDeUnMovimientoDejoDeMover" storage="d:\codi\iexpertos\roboexplorers\iteracion1.2\roboexplorers.test\roboexplorers.test\bin\debug\roboexplorers.test.dll" id="bf2652ba-4cc2-e011-2f79-22713ef77a44">
      <Execution id="03c4bb62-533b-4b62-a9c3-8404ac0af3a5" />
      <TestMethod codeBase="D:/Codi/iExpertos/Roboexplorers/Iteracion1.2/RoboExplorers.Test/RoboExplorers.Test/bin/Debug/RoboExplorers.Test.DLL" adapterTypeName="Microsoft.VisualStudio.TestTools.TestTypes.Unit.UnitTestAdapter, Microsoft.VisualStudio.QualityTools.Tips.UnitTest.Adapter, Version=10.0.0.0, Culture=neutral, PublicKeyToken=b03f5f7f11d50a3a" className="RoboExplorers.Test.RoboExplorerTest, RoboExplorers.Test, Version=1.0.0.0, Culture=neutral, PublicKeyToken=null" name="SiElServidorMeDevuelveGameOverDespuesDeUnMovimientoDejoDeMover" />
    </UnitTest>
    <UnitTest name="TengoQueLlamarAlSleeperAntesDeTirar" storage="d:\codi\iexpertos\roboexplorers\iteracion1.2\roboexplorers.test\roboexplorers.test\bin\debug\roboexplorers.test.dll" id="01b6ffec-8b84-4c73-8a63-6723c8bd9ec9">
      <Execution id="ece24a06-eb71-45e7-9ffd-2cdb8a0d1ab5" />
      <TestMethod codeBase="D:/Codi/iExpertos/Roboexplorers/Iteracion1.2/RoboExplorers.Test/RoboExplorers.Test/bin/Debug/RoboExplorers.Test.DLL" adapterTypeName="Microsoft.VisualStudio.TestTools.TestTypes.Unit.UnitTestAdapter, Microsoft.VisualStudio.QualityTools.Tips.UnitTest.Adapter, Version=10.0.0.0, Culture=neutral, PublicKeyToken=b03f5f7f11d50a3a" className="RoboExplorers.Test.RoboExplorerTest, RoboExplorers.Test, Version=1.0.0.0, Culture=neutral, PublicKeyToken=null" name="TengoQueLlamarAlSleeperAntesDeTirar" />
    </UnitTest>
    <UnitTest name="SiInitializeNoMeDevueleOKNoLlamoAMove" storage="d:\codi\iexpertos\roboexplorers\iteracion1.2\roboexplorers.test\roboexplorers.test\bin\debug\roboexplorers.test.dll" id="aad2a240-d7aa-024c-e579-311a5878a392">
      <Execution id="a48f643e-94ad-4402-b2c0-9e851e5c4b14" />
      <TestMethod codeBase="D:/Codi/iExpertos/Roboexplorers/Iteracion1.2/RoboExplorers.Test/RoboExplorers.Test/bin/Debug/RoboExplorers.Test.DLL" adapterTypeName="Microsoft.VisualStudio.TestTools.TestTypes.Unit.UnitTestAdapter, Microsoft.VisualStudio.QualityTools.Tips.UnitTest.Adapter, Version=10.0.0.0, Culture=neutral, PublicKeyToken=b03f5f7f11d50a3a" className="RoboExplorers.Test.RoboExplorerTest, RoboExplorers.Test, Version=1.0.0.0, Culture=neutral, PublicKeyToken=null" name="SiInitializeNoMeDevueleOKNoLlamoAMove" />
    </UnitTest>
    <UnitTest name="TengoQueLlamarAlCreadorDeTiradasAntesDeTirar" storage="d:\codi\iexpertos\roboexplorers\iteracion1.2\roboexplorers.test\roboexplorers.test\bin\debug\roboexplorers.test.dll" id="df1a2d2b-51fd-920a-7116-e2c3538c28b7">
      <Execution id="f055c18e-9a4e-4899-b748-86c92dbd928c" />
      <TestMethod codeBase="D:/Codi/iExpertos/Roboexplorers/Iteracion1.2/RoboExplorers.Test/RoboExplorers.Test/bin/Debug/RoboExplorers.Test.DLL" adapterTypeName="Microsoft.VisualStudio.TestTools.TestTypes.Unit.UnitTestAdapter, Microsoft.VisualStudio.QualityTools.Tips.UnitTest.Adapter, Version=10.0.0.0, Culture=neutral, PublicKeyToken=b03f5f7f11d50a3a" className="RoboExplorers.Test.RoboExplorerTest, RoboExplorers.Test, Version=1.0.0.0, Culture=neutral, PublicKeyToken=null" name="TengoQueLlamarAlCreadorDeTiradasAntesDeTirar" />
    </UnitTest>
  </TestDefinitions>
  <TestLists>
    <TestList name="Results Not in a List" id="8c84fa94-04c1-424b-9868-57a2d4851a1d" />
    <TestList name="All Loaded Results" id="19431567-8539-422a-85d7-44ee4e166bda" />
  </TestLists>
  <TestEntries>
    <TestEntry testId="01a3e7b8-6b0d-18bb-5f61-d8873826dfaa" executionId="d85a1d9a-52bc-4b23-bf25-92d14dbc355d" testListId="8c84fa94-04c1-424b-9868-57a2d4851a1d" />
    <TestEntry testId="01b6ffec-8b84-4c73-8a63-6723c8bd9ec9" executionId="ece24a06-eb71-45e7-9ffd-2cdb8a0d1ab5" testListId="8c84fa94-04c1-424b-9868-57a2d4851a1d" />
    <TestEntry testId="aad2a240-d7aa-024c-e579-311a5878a392" executionId="a48f643e-94ad-4402-b2c0-9e851e5c4b14" testListId="8c84fa94-04c1-424b-9868-57a2d4851a1d" />
    <TestEntry testId="bf2652ba-4cc2-e011-2f79-22713ef77a44" executionId="03c4bb62-533b-4b62-a9c3-8404ac0af3a5" testListId="8c84fa94-04c1-424b-9868-57a2d4851a1d" />
    <TestEntry testId="df1a2d2b-51fd-920a-7116-e2c3538c28b7" executionId="f055c18e-9a4e-4899-b748-86c92dbd928c" testListId="8c84fa94-04c1-424b-9868-57a2d4851a1d" />
  </TestEntries>
  <Results>
    <UnitTestResult executionId="d85a1d9a-52bc-4b23-bf25-92d14dbc355d" testId="01a3e7b8-6b0d-18bb-5f61-d8873826dfaa" testName="SiInitializeMeDevueleOKLlamoAMove" computerName="VIGARCIA-PC" duration="00:00:00.2642198" startTime="2011-06-20T21:28:13.2661492+02:00" endTime="2011-06-20T21:28:13.7861499+02:00" testType="13cdc9d9-ddb5-4fa4-a97d-d965ccfc6d4b" outcome="Passed" testListId="8c84fa94-04c1-424b-9868-57a2d4851a1d" relativeResultsDirectory="d85a1d9a-52bc-4b23-bf25-92d14dbc355d">
    </UnitTestResult>
    <UnitTestResult executionId="ece24a06-eb71-45e7-9ffd-2cdb8a0d1ab5" testId="01b6ffec-8b84-4c73-8a63-6723c8bd9ec9" testName="TengoQueLlamarAlSleeperAntesDeTirar" computerName="VIGARCIA-PC" duration="00:00:00.0239411" startTime="2011-06-20T21:28:13.7861499+02:00" endTime="2011-06-20T21:28:13.8161500+02:00" testType="13cdc9d9-ddb5-4fa4-a97d-d965ccfc6d4b" outcome="Failed" testListId="8c84fa94-04c1-424b-9868-57a2d4851a1d" relativeResultsDirectory="ece24a06-eb71-45e7-9ffd-2cdb8a0d1ab5">
      <Output>
        <ErrorInfo>
          <Message>Test method RoboExplorers.Test.RoboExplorerTest.TengoQueLlamarAlSleeperAntesDeTirar threw exception: 
Moq.MockVerificationException: The following setups were not matched:
TimeSleeper ts =&gt; ts.Sleep()
</Message>
          <StackTrace>    at Moq.Mock.VerifyAll()
   at RoboExplorers.Test.RoboExplorerTest.TengoQueLlamarAlSleeperAntesDeTirar() in D:\Codi\iExpertos\Roboexplorers\Iteracion1.2\RoboExplorers.Test\RoboExplorers.Test\RoboExplorerTest.cs:line 78
</StackTrace>
        </ErrorInfo>
      </Output>
    </UnitTestResult>
    <UnitTestResult executionId="a48f643e-94ad-4402-b2c0-9e851e5c4b14" testId="aad2a240-d7aa-024c-e579-311a5878a392" testName="SiInitializeNoMeDevueleOKNoLlamoAMove" computerName="VIGARCIA-PC" duration="00:00:00.0077730" startTime="2011-06-20T21:28:13.8161500+02:00" endTime="2011-06-20T21:28:13.8361500+02:00" testType="13cdc9d9-ddb5-4fa4-a97d-d965ccfc6d4b" outcome="Passed" testListId="8c84fa94-04c1-424b-9868-57a2d4851a1d" relativeResultsDirectory="a48f643e-94ad-4402-b2c0-9e851e5c4b14">
    </UnitTestResult>
    <UnitTestResult executionId="03c4bb62-533b-4b62-a9c3-8404ac0af3a5" testId="bf2652ba-4cc2-e011-2f79-22713ef77a44" testName="SiElServidorMeDevuelveGameOverDespuesDeUnMovimientoDejoDeMover" computerName="VIGARCIA-PC" duration="00:00:00.0048782" startTime="2011-06-20T21:28:13.8461500+02:00" endTime="2011-06-20T21:28:13.8561500+02:00" testType="13cdc9d9-ddb5-4fa4-a97d-d965ccfc6d4b" outcome="Passed" testListId="8c84fa94-04c1-424b-9868-57a2d4851a1d" relativeResultsDirectory="03c4bb62-533b-4b62-a9c3-8404ac0af3a5">
    </UnitTestResult>
    <UnitTestResult executionId="f055c18e-9a4e-4899-b748-86c92dbd928c" testId="df1a2d2b-51fd-920a-7116-e2c3538c28b7" testName="TengoQueLlamarAlCreadorDeTiradasAntesDeTirar" computerName="VIGARCIA-PC" duration="00:00:00.0038003" startTime="2011-06-20T21:28:13.8561500+02:00" endTime="2011-06-20T21:28:13.8661501+02:00" testType="13cdc9d9-ddb5-4fa4-a97d-d965ccfc6d4b" outcome="Passed" testListId="8c84fa94-04c1-424b-9868-57a2d4851a1d" relativeResultsDirectory="f055c18e-9a4e-4899-b748-86c92dbd928c">
    </UnitTestResult>
  </Results>
</TestRun>