<?xml version="1.0" encoding="UTF-8"?>
<TestRun id="b7b134c2-b293-4df9-b81a-32ba0daa40a5" name="vigarcia@VIGARCIA-PC 2011-06-20 22:20:15" runUser="vigarcia-PC\vigarcia" xmlns="http://microsoft.com/schemas/VisualStudio/TeamTest/2010">
  <TestSettings name="Local" id="2436ce74-7167-4c3b-9c14-34f93e8fdd86">
    <Description>These are default test settings for a local test run.</Description>
    <Deployment runDeploymentRoot="vigarcia_VIGARCIA-PC 2011-06-20 22_20_15">
      <DeploymentItem filename="D:\Codi\iExpertos\Roboexplorers\3rd party libraries\Moq.dll" />
    </Deployment>
    <Execution>
      <TestTypeSpecific>
        <UnitTestRunConfig testTypeId="13cdc9d9-ddb5-4fa4-a97d-d965ccfc6d4b">
          <AssemblyResolution>
            <TestDirectory useLoadContext="true" />
          </AssemblyResolution>
        </UnitTestRunConfig>
        <WebTestRunConfiguration testTypeId="4e7599fa-5ecb-43e9-a887-cd63cf72d207">
          <Browser name="Internet Explorer 7.0">
            <Headers>
              <Header name="User-Agent" value="Mozilla/4.0 (compatible; MSIE 7.0; Windows NT 5.1)" />
              <Header name="Accept" value="*/*" />
              <Header name="Accept-Language" value="{{$IEAcceptLanguage}}" />
              <Header name="Accept-Encoding" value="GZIP" />
            </Headers>
          </Browser>
        </WebTestRunConfiguration>
      </TestTypeSpecific>
      <AgentRule name="LocalMachineDefaultRole">
        <DataCollectors>
          <DataCollector uri="datacollector://microsoft/CodeCoverage/1.0" assemblyQualifiedName="Microsoft.VisualStudio.TestTools.CodeCoverage.CoveragePlugIn, Microsoft.VisualStudio.QualityTools.Plugins.CodeCoverage, Version=10.0.0.0, Culture=neutral, PublicKeyToken=b03f5f7f11d50a3a" friendlyName="Code Coverage">
            <Configuration>
              <CodeCoverage xmlns="">
                <Regular>
                  <CodeCoverageItem binaryFile="D:\Codi\iExpertos\Roboexplorers\Iteracion1.2\RoboExplorers.Test\RoboExplorers.Test\bin\Debug\RoboExplorers.Test.dll" pdbFile="D:\Codi\iExpertos\Roboexplorers\Iteracion1.2\RoboExplorers.Test\RoboExplorers.Test\bin\Debug\RoboExplorers.Test.instr.pdb" instrumentInPlace="true" />
                </Regular>
              </CodeCoverage>
            </Configuration>
          </DataCollector>
        </DataCollectors>
      </AgentRule>
    </Execution>
  </TestSettings>
  <Times creation="2011-06-20T22:20:15.4846975+02:00" queuing="2011-06-20T22:20:15.8319069+02:00" start="2011-06-20T22:20:15.8943070+02:00" finish="2011-06-20T22:20:19.5621283+02:00" />
  <ResultSummary outcome="Failed">
    <Counters total="9" executed="9" passed="7" error="0" failed="2" timeout="0" aborted="0" inconclusive="0" passedButRunAborted="0" notRunnable="0" notExecuted="0" disconnected="0" warning="0" completed="0" inProgress="0" pending="0" />
    <ResultFiles>
      <ResultFile path="VIGARCIA-PC\data.coverage" />
    </ResultFiles>
  </ResultSummary>
  <TestDefinitions>
    <UnitTest name="TengoQueLlamarAlSleeperAntesDeTirar" storage="d:\codi\iexpertos\roboexplorers\iteracion1.2\roboexplorers.test\roboexplorers.test\bin\debug\roboexplorers.test.dll" id="01b6ffec-8b84-4c73-8a63-6723c8bd9ec9">
      <Execution id="6b4ba29c-91bc-4da2-8cd4-cf681482f2a7" />
      <TestMethod codeBase="D:/Codi/iExpertos/Roboexplorers/Iteracion1.2/RoboExplorers.Test/RoboExplorers.Test/bin/Debug/RoboExplorers.Test.DLL" adapterTypeName="Microsoft.VisualStudio.TestTools.TestTypes.Unit.UnitTestAdapter, Microsoft.VisualStudio.QualityTools.Tips.UnitTest.Adapter, Version=10.0.0.0, Culture=neutral, PublicKeyToken=b03f5f7f11d50a3a" className="RoboExplorers.Test.RoboExplorerTest, RoboExplorers.Test, Version=1.0.0.0, Culture=neutral, PublicKeyToken=null" name="TengoQueLlamarAlSleeperAntesDeTirar" />
    </UnitTest>
    <UnitTest name="DespuesDeMilTiradasTodosLosNumerosEstanEntre0Y100" storage="d:\codi\iexpertos\roboexplorers\iteracion1.2\roboexplorers.test\roboexplorers.test\bin\debug\roboexplorers.test.dll" id="8a496610-2df1-5692-f1fb-abdea48d3ea9">
      <Execution id="8e2427a2-8c55-4b32-92b2-04e6d9bc3c5c" />
      <TestMethod codeBase="D:/Codi/iExpertos/Roboexplorers/Iteracion1.2/RoboExplorers.Test/RoboExplorers.Test/bin/Debug/RoboExplorers.Test.DLL" adapterTypeName="Microsoft.VisualStudio.TestTools.TestTypes.Unit.UnitTestAdapter, Microsoft.VisualStudio.QualityTools.Tips.UnitTest.Adapter, Version=10.0.0.0, Culture=neutral, PublicKeyToken=b03f5f7f11d50a3a" className="RoboExplorers.Test.DontRepeatMoveCreatorTest, RoboExplorers.Test, Version=1.0.0.0, Culture=neutral, PublicKeyToken=null" name="DespuesDeMilTiradasTodosLosNumerosEstanEntre0Y100" />
    </UnitTest>
    <UnitTest name="SiElServidorMeDevuelveGameOverDespuesDeUnMovimientoDejoDeMover" storage="d:\codi\iexpertos\roboexplorers\iteracion1.2\roboexplorers.test\roboexplorers.test\bin\debug\roboexplorers.test.dll" id="bf2652ba-4cc2-e011-2f79-22713ef77a44">
      <Execution id="2f543fc4-54e3-4988-ab35-f6fbdb755d15" />
      <TestMethod codeBase="D:/Codi/iExpertos/Roboexplorers/Iteracion1.2/RoboExplorers.Test/RoboExplorers.Test/bin/Debug/RoboExplorers.Test.DLL" adapterTypeName="Microsoft.VisualStudio.TestTools.TestTypes.Unit.UnitTestAdapter, Microsoft.VisualStudio.QualityTools.Tips.UnitTest.Adapter, Version=10.0.0.0, Culture=neutral, PublicKeyToken=b03f5f7f11d50a3a" className="RoboExplorers.Test.RoboExplorerTest, RoboExplorers.Test, Version=1.0.0.0, Culture=neutral, PublicKeyToken=null" name="SiElServidorMeDevuelveGameOverDespuesDeUnMovimientoDejoDeMover" />
    </UnitTest>
    <UnitTest name="NoRepitoDosTiradasConsecutivas" storage="d:\codi\iexpertos\roboexplorers\iteracion1.2\roboexplorers.test\roboexplorers.test\bin\debug\roboexplorers.test.dll" id="81afa8e2-1b34-5099-a9e6-9debbfae1d61">
      <Execution id="13354717-6d3e-4a61-903f-e85a8b0f24b6" />
      <TestMethod codeBase="D:/Codi/iExpertos/Roboexplorers/Iteracion1.2/RoboExplorers.Test/RoboExplorers.Test/bin/Debug/RoboExplorers.Test.DLL" adapterTypeName="Microsoft.VisualStudio.TestTools.TestTypes.Unit.UnitTestAdapter, Microsoft.VisualStudio.QualityTools.Tips.UnitTest.Adapter, Version=10.0.0.0, Culture=neutral, PublicKeyToken=b03f5f7f11d50a3a" className="RoboExplorers.Test.DontRepeatMoveCreatorTest, RoboExplorers.Test, Version=1.0.0.0, Culture=neutral, PublicKeyToken=null" name="NoRepitoDosTiradasConsecutivas" />
    </UnitTest>
    <UnitTest name="SiHagoOperacionesQueDuranMasDe200MilisegundosEntreDosLlamadasElTiempoDeEsperaDebeSerInferiorAlTiempoDeLasOperacionesIntermediasMas5Milisegundos" storage="d:\codi\iexpertos\roboexplorers\iteracion1.2\roboexplorers.test\roboexplorers.test\bin\debug\roboexplorers.test.dll" id="bc428274-4488-4801-2a6c-5f259459d27d">
      <Execution id="655027f8-4b4e-4413-95e5-b66951a2fc18" />
      <TestMethod codeBase="D:/Codi/iExpertos/Roboexplorers/Iteracion1.2/RoboExplorers.Test/RoboExplorers.Test/bin/Debug/RoboExplorers.Test.DLL" adapterTypeName="Microsoft.VisualStudio.TestTools.TestTypes.Unit.UnitTestAdapter, Microsoft.VisualStudio.QualityTools.Tips.UnitTest.Adapter, Version=10.0.0.0, Culture=neutral, PublicKeyToken=b03f5f7f11d50a3a" className="RoboExplorers.Test.WaitSomeTimeTest, RoboExplorers.Test, Version=1.0.0.0, Culture=neutral, PublicKeyToken=null" name="SiHagoOperacionesQueDuranMasDe200MilisegundosEntreDosLlamadasElTiempoDeEsperaDebeSerInferiorAlTiempoDeLasOperacionesIntermediasMas5Milisegundos" />
    </UnitTest>
    <UnitTest name="Espero200MilisegundosEntreLlamadas" storage="d:\codi\iexpertos\roboexplorers\iteracion1.2\roboexplorers.test\roboexplorers.test\bin\debug\roboexplorers.test.dll" id="a87b2540-300d-8595-b2ae-6881f040bd22">
      <Execution id="8184b371-15a7-453f-8e1c-cae5470def31" />
      <TestMethod codeBase="D:/Codi/iExpertos/Roboexplorers/Iteracion1.2/RoboExplorers.Test/RoboExplorers.Test/bin/Debug/RoboExplorers.Test.DLL" adapterTypeName="Microsoft.VisualStudio.TestTools.TestTypes.Unit.UnitTestAdapter, Microsoft.VisualStudio.QualityTools.Tips.UnitTest.Adapter, Version=10.0.0.0, Culture=neutral, PublicKeyToken=b03f5f7f11d50a3a" className="RoboExplorers.Test.WaitSomeTimeTest, RoboExplorers.Test, Version=1.0.0.0, Culture=neutral, PublicKeyToken=null" name="Espero200MilisegundosEntreLlamadas" />
    </UnitTest>
    <UnitTest name="SiInitializeNoMeDevueleOKNoLlamoAMove" storage="d:\codi\iexpertos\roboexplorers\iteracion1.2\roboexplorers.test\roboexplorers.test\bin\debug\roboexplorers.test.dll" id="aad2a240-d7aa-024c-e579-311a5878a392">
      <Execution id="7a9f33ea-afbc-4f07-98a1-b491aa65c461" />
      <TestMethod codeBase="D:/Codi/iExpertos/Roboexplorers/Iteracion1.2/RoboExplorers.Test/RoboExplorers.Test/bin/Debug/RoboExplorers.Test.DLL" adapterTypeName="Microsoft.VisualStudio.TestTools.TestTypes.Unit.UnitTestAdapter, Microsoft.VisualStudio.QualityTools.Tips.UnitTest.Adapter, Version=10.0.0.0, Culture=neutral, PublicKeyToken=b03f5f7f11d50a3a" className="RoboExplorers.Test.RoboExplorerTest, RoboExplorers.Test, Version=1.0.0.0, Culture=neutral, PublicKeyToken=null" name="SiInitializeNoMeDevueleOKNoLlamoAMove" />
    </UnitTest>
    <UnitTest name="SiInitializeMeDevueleOKLlamoAMove" storage="d:\codi\iexpertos\roboexplorers\iteracion1.2\roboexplorers.test\roboexplorers.test\bin\debug\roboexplorers.test.dll" id="01a3e7b8-6b0d-18bb-5f61-d8873826dfaa">
      <Execution id="bd8e29e1-8c2e-4fac-9c97-ae35b4177526" />
      <TestMethod codeBase="D:/Codi/iExpertos/Roboexplorers/Iteracion1.2/RoboExplorers.Test/RoboExplorers.Test/bin/Debug/RoboExplorers.Test.DLL" adapterTypeName="Microsoft.VisualStudio.TestTools.TestTypes.Unit.UnitTestAdapter, Microsoft.VisualStudio.QualityTools.Tips.UnitTest.Adapter, Version=10.0.0.0, Culture=neutral, PublicKeyToken=b03f5f7f11d50a3a" className="RoboExplorers.Test.RoboExplorerTest, RoboExplorers.Test, Version=1.0.0.0, Culture=neutral, PublicKeyToken=null" name="SiInitializeMeDevueleOKLlamoAMove" />
    </UnitTest>
    <UnitTest name="TengoQueLlamarAlCreadorDeTiradasAntesDeTirar" storage="d:\codi\iexpertos\roboexplorers\iteracion1.2\roboexplorers.test\roboexplorers.test\bin\debug\roboexplorers.test.dll" id="df1a2d2b-51fd-920a-7116-e2c3538c28b7">
      <Execution id="bee4013f-f518-4db9-b226-d46009f7c607" />
      <TestMethod codeBase="D:/Codi/iExpertos/Roboexplorers/Iteracion1.2/RoboExplorers.Test/RoboExplorers.Test/bin/Debug/RoboExplorers.Test.DLL" adapterTypeName="Microsoft.VisualStudio.TestTools.TestTypes.Unit.UnitTestAdapter, Microsoft.VisualStudio.QualityTools.Tips.UnitTest.Adapter, Version=10.0.0.0, Culture=neutral, PublicKeyToken=b03f5f7f11d50a3a" className="RoboExplorers.Test.RoboExplorerTest, RoboExplorers.Test, Version=1.0.0.0, Culture=neutral, PublicKeyToken=null" name="TengoQueLlamarAlCreadorDeTiradasAntesDeTirar" />
    </UnitTest>
  </TestDefinitions>
  <TestLists>
    <TestList name="Results Not in a List" id="8c84fa94-04c1-424b-9868-57a2d4851a1d" />
    <TestList name="All Loaded Results" id="19431567-8539-422a-85d7-44ee4e166bda" />
  </TestLists>
  <TestEntries>
    <TestEntry testId="01a3e7b8-6b0d-18bb-5f61-d8873826dfaa" executionId="bd8e29e1-8c2e-4fac-9c97-ae35b4177526" testListId="8c84fa94-04c1-424b-9868-57a2d4851a1d" />
    <TestEntry testId="01b6ffec-8b84-4c73-8a63-6723c8bd9ec9" executionId="6b4ba29c-91bc-4da2-8cd4-cf681482f2a7" testListId="8c84fa94-04c1-424b-9868-57a2d4851a1d" />
    <TestEntry testId="81afa8e2-1b34-5099-a9e6-9debbfae1d61" executionId="13354717-6d3e-4a61-903f-e85a8b0f24b6" testListId="8c84fa94-04c1-424b-9868-57a2d4851a1d" />
    <TestEntry testId="8a496610-2df1-5692-f1fb-abdea48d3ea9" executionId="8e2427a2-8c55-4b32-92b2-04e6d9bc3c5c" testListId="8c84fa94-04c1-424b-9868-57a2d4851a1d" />
    <TestEntry testId="a87b2540-300d-8595-b2ae-6881f040bd22" executionId="8184b371-15a7-453f-8e1c-cae5470def31" testListId="8c84fa94-04c1-424b-9868-57a2d4851a1d" />
    <TestEntry testId="aad2a240-d7aa-024c-e579-311a5878a392" executionId="7a9f33ea-afbc-4f07-98a1-b491aa65c461" testListId="8c84fa94-04c1-424b-9868-57a2d4851a1d" />
    <TestEntry testId="bc428274-4488-4801-2a6c-5f259459d27d" executionId="655027f8-4b4e-4413-95e5-b66951a2fc18" testListId="8c84fa94-04c1-424b-9868-57a2d4851a1d" />
    <TestEntry testId="bf2652ba-4cc2-e011-2f79-22713ef77a44" executionId="2f543fc4-54e3-4988-ab35-f6fbdb755d15" testListId="8c84fa94-04c1-424b-9868-57a2d4851a1d" />
    <TestEntry testId="df1a2d2b-51fd-920a-7116-e2c3538c28b7" executionId="bee4013f-f518-4db9-b226-d46009f7c607" testListId="8c84fa94-04c1-424b-9868-57a2d4851a1d" />
  </TestEntries>
  <Results>
    <UnitTestResult executionId="bd8e29e1-8c2e-4fac-9c97-ae35b4177526" testId="01a3e7b8-6b0d-18bb-5f61-d8873826dfaa" testName="SiInitializeMeDevueleOKLlamoAMove" computerName="VIGARCIA-PC" duration="00:00:00.2568031" startTime="2011-06-20T22:20:16.5495082+02:00" endTime="2011-06-20T22:20:17.0643091+02:00" testType="13cdc9d9-ddb5-4fa4-a97d-d965ccfc6d4b" outcome="Passed" testListId="8c84fa94-04c1-424b-9868-57a2d4851a1d" relativeResultsDirectory="bd8e29e1-8c2e-4fac-9c97-ae35b4177526">
    </UnitTestResult>
    <UnitTestResult executionId="6b4ba29c-91bc-4da2-8cd4-cf681482f2a7" testId="01b6ffec-8b84-4c73-8a63-6723c8bd9ec9" testName="TengoQueLlamarAlSleeperAntesDeTirar" computerName="VIGARCIA-PC" duration="00:00:00.0058932" startTime="2011-06-20T22:20:17.0643091+02:00" endTime="2011-06-20T22:20:17.0799091+02:00" testType="13cdc9d9-ddb5-4fa4-a97d-d965ccfc6d4b" outcome="Passed" testListId="8c84fa94-04c1-424b-9868-57a2d4851a1d" relativeResultsDirectory="6b4ba29c-91bc-4da2-8cd4-cf681482f2a7">
    </UnitTestResult>
    <UnitTestResult executionId="13354717-6d3e-4a61-903f-e85a8b0f24b6" testId="81afa8e2-1b34-5099-a9e6-9debbfae1d61" testName="NoRepitoDosTiradasConsecutivas" computerName="VIGARCIA-PC" duration="00:00:00.0006018" startTime="2011-06-20T22:20:17.0799091+02:00" endTime="2011-06-20T22:20:17.0799091+02:00" testType="13cdc9d9-ddb5-4fa4-a97d-d965ccfc6d4b" outcome="Passed" testListId="8c84fa94-04c1-424b-9868-57a2d4851a1d" relativeResultsDirectory="13354717-6d3e-4a61-903f-e85a8b0f24b6">
    </UnitTestResult>
    <UnitTestResult executionId="8e2427a2-8c55-4b32-92b2-04e6d9bc3c5c" testId="8a496610-2df1-5692-f1fb-abdea48d3ea9" testName="DespuesDeMilTiradasTodosLosNumerosEstanEntre0Y100" computerName="VIGARCIA-PC" duration="00:00:00.0004221" startTime="2011-06-20T22:20:17.0799091+02:00" endTime="2011-06-20T22:20:17.0955092+02:00" testType="13cdc9d9-ddb5-4fa4-a97d-d965ccfc6d4b" outcome="Passed" testListId="8c84fa94-04c1-424b-9868-57a2d4851a1d" relativeResultsDirectory="8e2427a2-8c55-4b32-92b2-04e6d9bc3c5c">
    </UnitTestResult>
    <UnitTestResult executionId="8184b371-15a7-453f-8e1c-cae5470def31" testId="a87b2540-300d-8595-b2ae-6881f040bd22" testName="Espero200MilisegundosEntreLlamadas" computerName="VIGARCIA-PC" duration="00:00:00.2089994" startTime="2011-06-20T22:20:17.0955092+02:00" endTime="2011-06-20T22:20:17.3139095+02:00" testType="13cdc9d9-ddb5-4fa4-a97d-d965ccfc6d4b" outcome="Failed" testListId="8c84fa94-04c1-424b-9868-57a2d4851a1d" relativeResultsDirectory="8184b371-15a7-453f-8e1c-cae5470def31">
      <Output>
        <ErrorInfo>
          <Message>Assert.IsTrue failed. </Message>
          <StackTrace>   at RoboExplorers.Test.WaitSomeTimeTest.Espero200MilisegundosEntreLlamadas() in D:\Codi\iExpertos\Roboexplorers\Iteracion1.2\RoboExplorers.Test\RoboExplorers.Test\WaitSomeTimeTest.cs:line 24
</StackTrace>
        </ErrorInfo>
      </Output>
    </UnitTestResult>
    <UnitTestResult executionId="7a9f33ea-afbc-4f07-98a1-b491aa65c461" testId="aad2a240-d7aa-024c-e579-311a5878a392" testName="SiInitializeNoMeDevueleOKNoLlamoAMove" computerName="VIGARCIA-PC" duration="00:00:00.0066836" startTime="2011-06-20T22:20:17.3139095+02:00" endTime="2011-06-20T22:20:17.3295096+02:00" testType="13cdc9d9-ddb5-4fa4-a97d-d965ccfc6d4b" outcome="Passed" testListId="8c84fa94-04c1-424b-9868-57a2d4851a1d" relativeResultsDirectory="7a9f33ea-afbc-4f07-98a1-b491aa65c461">
    </UnitTestResult>
    <UnitTestResult executionId="655027f8-4b4e-4413-95e5-b66951a2fc18" testId="bc428274-4488-4801-2a6c-5f259459d27d" testName="SiHagoOperacionesQueDuranMasDe200MilisegundosEntreDosLlamadasElTiempoDeEsperaDebeSerInferiorAlTiempoDeLasOperacionesIntermediasMas5Milisegundos" computerName="VIGARCIA-PC" duration="00:00:00.6003826" startTime="2011-06-20T22:20:17.3295096+02:00" endTime="2011-06-20T22:20:17.9379106+02:00" testType="13cdc9d9-ddb5-4fa4-a97d-d965ccfc6d4b" outcome="Failed" testListId="8c84fa94-04c1-424b-9868-57a2d4851a1d" relativeResultsDirectory="655027f8-4b4e-4413-95e5-b66951a2fc18">
      <Output>
        <ErrorInfo>
          <Message>Assert.IsTrue failed. El tiempo de espera ha sido de 405 milisegundos</Message>
          <StackTrace>   at RoboExplorers.Test.WaitSomeTimeTest.SiHagoOperacionesQueDuranMasDe200MilisegundosEntreDosLlamadasElTiempoDeEsperaDebeSerInferiorAlTiempoDeLasOperacionesIntermediasMas5Milisegundos() in D:\Codi\iExpertos\Roboexplorers\Iteracion1.2\RoboExplorers.Test\RoboExplorers.Test\WaitSomeTimeTest.cs:line 36
</StackTrace>
        </ErrorInfo>
      </Output>
    </UnitTestResult>
    <UnitTestResult executionId="2f543fc4-54e3-4988-ab35-f6fbdb755d15" testId="bf2652ba-4cc2-e011-2f79-22713ef77a44" testName="SiElServidorMeDevuelveGameOverDespuesDeUnMovimientoDejoDeMover" computerName="VIGARCIA-PC" duration="00:00:00.0059680" startTime="2011-06-20T22:20:17.9535107+02:00" endTime="2011-06-20T22:20:17.9535107+02:00" testType="13cdc9d9-ddb5-4fa4-a97d-d965ccfc6d4b" outcome="Passed" testListId="8c84fa94-04c1-424b-9868-57a2d4851a1d" relativeResultsDirectory="2f543fc4-54e3-4988-ab35-f6fbdb755d15">
    </UnitTestResult>
    <UnitTestResult executionId="bee4013f-f518-4db9-b226-d46009f7c607" testId="df1a2d2b-51fd-920a-7116-e2c3538c28b7" testName="TengoQueLlamarAlCreadorDeTiradasAntesDeTirar" computerName="VIGARCIA-PC" duration="00:00:00.0044992" startTime="2011-06-20T22:20:17.9535107+02:00" endTime="2011-06-20T22:20:17.9691107+02:00" testType="13cdc9d9-ddb5-4fa4-a97d-d965ccfc6d4b" outcome="Passed" testListId="8c84fa94-04c1-424b-9868-57a2d4851a1d" relativeResultsDirectory="bee4013f-f518-4db9-b226-d46009f7c607">
    </UnitTestResult>
  </Results>
</TestRun>