<?xml version="1.0" encoding="UTF-8"?>
<TestRun id="8e1a85ae-f3d4-4adb-8860-224adc64fa65" name="vigarcia@VIGARCIA-PC 2011-06-20 22:22:23" runUser="vigarcia-PC\vigarcia" xmlns="http://microsoft.com/schemas/VisualStudio/TeamTest/2010">
  <TestSettings name="Local" id="2436ce74-7167-4c3b-9c14-34f93e8fdd86">
    <Description>These are default test settings for a local test run.</Description>
    <Deployment runDeploymentRoot="vigarcia_VIGARCIA-PC 2011-06-20 22_22_23">
      <DeploymentItem filename="D:\Codi\iExpertos\Roboexplorers\3rd party libraries\Moq.dll" />
    </Deployment>
    <Execution>
      <TestTypeSpecific>
        <UnitTestRunConfig testTypeId="13cdc9d9-ddb5-4fa4-a97d-d965ccfc6d4b">
          <AssemblyResolution>
            <TestDirectory useLoadContext="true" />
          </AssemblyResolution>
        </UnitTestRunConfig>
        <WebTestRunConfiguration testTypeId="4e7599fa-5ecb-43e9-a887-cd63cf72d207">
          <Browser name="Internet Explorer 7.0">
            <Headers>
              <Header name="User-Agent" value="Mozilla/4.0 (compatible; MSIE 7.0; Windows NT 5.1)" />
              <Header name="Accept" value="*/*" />
              <Header name="Accept-Language" value="{{$IEAcceptLanguage}}" />
              <Header name="Accept-Encoding" value="GZIP" />
            </Headers>
          </Browser>
        </WebTestRunConfiguration>
      </TestTypeSpecific>
      <AgentRule name="LocalMachineDefaultRole">
        <DataCollectors>
          <DataCollector uri="datacollector://microsoft/CodeCoverage/1.0" assemblyQualifiedName="Microsoft.VisualStudio.TestTools.CodeCoverage.CoveragePlugIn, Microsoft.VisualStudio.QualityTools.Plugins.CodeCoverage, Version=10.0.0.0, Culture=neutral, PublicKeyToken=b03f5f7f11d50a3a" friendlyName="Code Coverage">
            <Configuration>
              <CodeCoverage xmlns="">
                <Regular>
                  <CodeCoverageItem binaryFile="D:\Codi\iExpertos\Roboexplorers\Iteracion1.2\RoboExplorers.Test\RoboExplorers.Test\bin\Debug\RoboExplorers.Test.dll" pdbFile="D:\Codi\iExpertos\Roboexplorers\Iteracion1.2\RoboExplorers.Test\RoboExplorers.Test\bin\Debug\RoboExplorers.Test.instr.pdb" instrumentInPlace="true" />
                </Regular>
              </CodeCoverage>
            </Configuration>
          </DataCollector>
        </DataCollectors>
      </AgentRule>
    </Execution>
  </TestSettings>
  <Times creation="2011-06-20T22:22:23.0236425+02:00" queuing="2011-06-20T22:22:23.3526440+02:00" start="2011-06-20T22:22:23.3994441+02:00" finish="2011-06-20T22:22:27.6738516+02:00" />
  <ResultSummary outcome="Failed">
    <Counters total="9" executed="9" passed="8" error="0" failed="1" timeout="0" aborted="0" inconclusive="0" passedButRunAborted="0" notRunnable="0" notExecuted="0" disconnected="0" warning="0" completed="0" inProgress="0" pending="0" />
    <ResultFiles>
      <ResultFile path="VIGARCIA-PC\data.coverage" />
    </ResultFiles>
  </ResultSummary>
  <TestDefinitions>
    <UnitTest name="TengoQueLlamarAlSleeperAntesDeTirar" storage="d:\codi\iexpertos\roboexplorers\iteracion1.2\roboexplorers.test\roboexplorers.test\bin\debug\roboexplorers.test.dll" id="01b6ffec-8b84-4c73-8a63-6723c8bd9ec9">
      <Execution id="48269900-ee27-4fc0-b75f-3f8bfba587c6" />
      <TestMethod codeBase="D:/Codi/iExpertos/Roboexplorers/Iteracion1.2/RoboExplorers.Test/RoboExplorers.Test/bin/Debug/RoboExplorers.Test.DLL" adapterTypeName="Microsoft.VisualStudio.TestTools.TestTypes.Unit.UnitTestAdapter, Microsoft.VisualStudio.QualityTools.Tips.UnitTest.Adapter, Version=10.0.0.0, Culture=neutral, PublicKeyToken=b03f5f7f11d50a3a" className="RoboExplorers.Test.RoboExplorerTest, RoboExplorers.Test, Version=1.0.0.0, Culture=neutral, PublicKeyToken=null" name="TengoQueLlamarAlSleeperAntesDeTirar" />
    </UnitTest>
    <UnitTest name="DespuesDeMilTiradasTodosLosNumerosEstanEntre0Y100" storage="d:\codi\iexpertos\roboexplorers\iteracion1.2\roboexplorers.test\roboexplorers.test\bin\debug\roboexplorers.test.dll" id="8a496610-2df1-5692-f1fb-abdea48d3ea9">
      <Execution id="e1182faf-00c8-47da-b2f8-a71bfe7013f0" />
      <TestMethod codeBase="D:/Codi/iExpertos/Roboexplorers/Iteracion1.2/RoboExplorers.Test/RoboExplorers.Test/bin/Debug/RoboExplorers.Test.DLL" adapterTypeName="Microsoft.VisualStudio.TestTools.TestTypes.Unit.UnitTestAdapter, Microsoft.VisualStudio.QualityTools.Tips.UnitTest.Adapter, Version=10.0.0.0, Culture=neutral, PublicKeyToken=b03f5f7f11d50a3a" className="RoboExplorers.Test.DontRepeatMoveCreatorTest, RoboExplorers.Test, Version=1.0.0.0, Culture=neutral, PublicKeyToken=null" name="DespuesDeMilTiradasTodosLosNumerosEstanEntre0Y100" />
    </UnitTest>
    <UnitTest name="SiElServidorMeDevuelveGameOverDespuesDeUnMovimientoDejoDeMover" storage="d:\codi\iexpertos\roboexplorers\iteracion1.2\roboexplorers.test\roboexplorers.test\bin\debug\roboexplorers.test.dll" id="bf2652ba-4cc2-e011-2f79-22713ef77a44">
      <Execution id="2f65418a-78ea-4f19-8b2a-2b833980d400" />
      <TestMethod codeBase="D:/Codi/iExpertos/Roboexplorers/Iteracion1.2/RoboExplorers.Test/RoboExplorers.Test/bin/Debug/RoboExplorers.Test.DLL" adapterTypeName="Microsoft.VisualStudio.TestTools.TestTypes.Unit.UnitTestAdapter, Microsoft.VisualStudio.QualityTools.Tips.UnitTest.Adapter, Version=10.0.0.0, Culture=neutral, PublicKeyToken=b03f5f7f11d50a3a" className="RoboExplorers.Test.RoboExplorerTest, RoboExplorers.Test, Version=1.0.0.0, Culture=neutral, PublicKeyToken=null" name="SiElServidorMeDevuelveGameOverDespuesDeUnMovimientoDejoDeMover" />
    </UnitTest>
    <UnitTest name="NoRepitoDosTiradasConsecutivas" storage="d:\codi\iexpertos\roboexplorers\iteracion1.2\roboexplorers.test\roboexplorers.test\bin\debug\roboexplorers.test.dll" id="81afa8e2-1b34-5099-a9e6-9debbfae1d61">
      <Execution id="00a71f92-865c-4f9a-9c8c-3a84cc6b7ae0" />
      <TestMethod codeBase="D:/Codi/iExpertos/Roboexplorers/Iteracion1.2/RoboExplorers.Test/RoboExplorers.Test/bin/Debug/RoboExplorers.Test.DLL" adapterTypeName="Microsoft.VisualStudio.TestTools.TestTypes.Unit.UnitTestAdapter, Microsoft.VisualStudio.QualityTools.Tips.UnitTest.Adapter, Version=10.0.0.0, Culture=neutral, PublicKeyToken=b03f5f7f11d50a3a" className="RoboExplorers.Test.DontRepeatMoveCreatorTest, RoboExplorers.Test, Version=1.0.0.0, Culture=neutral, PublicKeyToken=null" name="NoRepitoDosTiradasConsecutivas" />
    </UnitTest>
    <UnitTest name="Espero200MilisegundosEntreLlamadas" storage="d:\codi\iexpertos\roboexplorers\iteracion1.2\roboexplorers.test\roboexplorers.test\bin\debug\roboexplorers.test.dll" id="a87b2540-300d-8595-b2ae-6881f040bd22">
      <Execution id="f3a71cda-c70f-4637-a60b-0f94eef1c9da" />
      <TestMethod codeBase="D:/Codi/iExpertos/Roboexplorers/Iteracion1.2/RoboExplorers.Test/RoboExplorers.Test/bin/Debug/RoboExplorers.Test.DLL" adapterTypeName="Microsoft.VisualStudio.TestTools.TestTypes.Unit.UnitTestAdapter, Microsoft.VisualStudio.QualityTools.Tips.UnitTest.Adapter, Version=10.0.0.0, Culture=neutral, PublicKeyToken=b03f5f7f11d50a3a" className="RoboExplorers.Test.WaitSomeTimeTest, RoboExplorers.Test, Version=1.0.0.0, Culture=neutral, PublicKeyToken=null" name="Espero200MilisegundosEntreLlamadas" />
    </UnitTest>
    <UnitTest name="SiInitializeNoMeDevueleOKNoLlamoAMove" storage="d:\codi\iexpertos\roboexplorers\iteracion1.2\roboexplorers.test\roboexplorers.test\bin\debug\roboexplorers.test.dll" id="aad2a240-d7aa-024c-e579-311a5878a392">
      <Execution id="d59dc034-d1d6-4680-9c70-760f03fd8d40" />
      <TestMethod codeBase="D:/Codi/iExpertos/Roboexplorers/Iteracion1.2/RoboExplorers.Test/RoboExplorers.Test/bin/Debug/RoboExplorers.Test.DLL" adapterTypeName="Microsoft.VisualStudio.TestTools.TestTypes.Unit.UnitTestAdapter, Microsoft.VisualStudio.QualityTools.Tips.UnitTest.Adapter, Version=10.0.0.0, Culture=neutral, PublicKeyToken=b03f5f7f11d50a3a" className="RoboExplorers.Test.RoboExplorerTest, RoboExplorers.Test, Version=1.0.0.0, Culture=neutral, PublicKeyToken=null" name="SiInitializeNoMeDevueleOKNoLlamoAMove" />
    </UnitTest>
    <UnitTest name="SiHagoOperacionesQueDuranMasDe200MilisegundosEntreDosLlamadasElTiempoDeEsperaDebeSerInferiorAlTiempoDeLasOperacionesIntermediasMas20Milisegundos" storage="d:\codi\iexpertos\roboexplorers\iteracion1.2\roboexplorers.test\roboexplorers.test\bin\debug\roboexplorers.test.dll" id="98fb5723-3a3e-267e-9656-ea5dbdb24d73">
      <Execution id="88f62260-a3d5-4347-b2a2-25876bb02367" />
      <TestMethod codeBase="D:/Codi/iExpertos/Roboexplorers/Iteracion1.2/RoboExplorers.Test/RoboExplorers.Test/bin/Debug/RoboExplorers.Test.DLL" adapterTypeName="Microsoft.VisualStudio.TestTools.TestTypes.Unit.UnitTestAdapter, Microsoft.VisualStudio.QualityTools.Tips.UnitTest.Adapter, Version=10.0.0.0, Culture=neutral, PublicKeyToken=b03f5f7f11d50a3a" className="RoboExplorers.Test.WaitSomeTimeTest, RoboExplorers.Test, Version=1.0.0.0, Culture=neutral, PublicKeyToken=null" name="SiHagoOperacionesQueDuranMasDe200MilisegundosEntreDosLlamadasElTiempoDeEsperaDebeSerInferiorAlTiempoDeLasOperacionesIntermediasMas20Milisegundos" />
    </UnitTest>
    <UnitTest name="SiInitializeMeDevueleOKLlamoAMove" storage="d:\codi\iexpertos\roboexplorers\iteracion1.2\roboexplorers.test\roboexplorers.test\bin\debug\roboexplorers.test.dll" id="01a3e7b8-6b0d-18bb-5f61-d8873826dfaa">
      <Execution id="11f4a121-e06c-4c17-bfa7-afcea6af3196" />
      <TestMethod codeBase="D:/Codi/iExpertos/Roboexplorers/Iteracion1.2/RoboExplorers.Test/RoboExplorers.Test/bin/Debug/RoboExplorers.Test.DLL" adapterTypeName="Microsoft.VisualStudio.TestTools.TestTypes.Unit.UnitTestAdapter, Microsoft.VisualStudio.QualityTools.Tips.UnitTest.Adapter, Version=10.0.0.0, Culture=neutral, PublicKeyToken=b03f5f7f11d50a3a" className="RoboExplorers.Test.RoboExplorerTest, RoboExplorers.Test, Version=1.0.0.0, Culture=neutral, PublicKeyToken=null" name="SiInitializeMeDevueleOKLlamoAMove" />
    </UnitTest>
    <UnitTest name="TengoQueLlamarAlCreadorDeTiradasAntesDeTirar" storage="d:\codi\iexpertos\roboexplorers\iteracion1.2\roboexplorers.test\roboexplorers.test\bin\debug\roboexplorers.test.dll" id="df1a2d2b-51fd-920a-7116-e2c3538c28b7">
      <Execution id="27897460-a876-460b-877e-f20a6e1ba039" />
      <TestMethod codeBase="D:/Codi/iExpertos/Roboexplorers/Iteracion1.2/RoboExplorers.Test/RoboExplorers.Test/bin/Debug/RoboExplorers.Test.DLL" adapterTypeName="Microsoft.VisualStudio.TestTools.TestTypes.Unit.UnitTestAdapter, Microsoft.VisualStudio.QualityTools.Tips.UnitTest.Adapter, Version=10.0.0.0, Culture=neutral, PublicKeyToken=b03f5f7f11d50a3a" className="RoboExplorers.Test.RoboExplorerTest, RoboExplorers.Test, Version=1.0.0.0, Culture=neutral, PublicKeyToken=null" name="TengoQueLlamarAlCreadorDeTiradasAntesDeTirar" />
    </UnitTest>
  </TestDefinitions>
  <TestLists>
    <TestList name="Results Not in a List" id="8c84fa94-04c1-424b-9868-57a2d4851a1d" />
    <TestList name="All Loaded Results" id="19431567-8539-422a-85d7-44ee4e166bda" />
  </TestLists>
  <TestEntries>
    <TestEntry testId="01a3e7b8-6b0d-18bb-5f61-d8873826dfaa" executionId="11f4a121-e06c-4c17-bfa7-afcea6af3196" testListId="8c84fa94-04c1-424b-9868-57a2d4851a1d" />
    <TestEntry testId="01b6ffec-8b84-4c73-8a63-6723c8bd9ec9" executionId="48269900-ee27-4fc0-b75f-3f8bfba587c6" testListId="8c84fa94-04c1-424b-9868-57a2d4851a1d" />
    <TestEntry testId="81afa8e2-1b34-5099-a9e6-9debbfae1d61" executionId="00a71f92-865c-4f9a-9c8c-3a84cc6b7ae0" testListId="8c84fa94-04c1-424b-9868-57a2d4851a1d" />
    <TestEntry testId="8a496610-2df1-5692-f1fb-abdea48d3ea9" executionId="e1182faf-00c8-47da-b2f8-a71bfe7013f0" testListId="8c84fa94-04c1-424b-9868-57a2d4851a1d" />
    <TestEntry testId="98fb5723-3a3e-267e-9656-ea5dbdb24d73" executionId="88f62260-a3d5-4347-b2a2-25876bb02367" testListId="8c84fa94-04c1-424b-9868-57a2d4851a1d" />
    <TestEntry testId="a87b2540-300d-8595-b2ae-6881f040bd22" executionId="f3a71cda-c70f-4637-a60b-0f94eef1c9da" testListId="8c84fa94-04c1-424b-9868-57a2d4851a1d" />
    <TestEntry testId="aad2a240-d7aa-024c-e579-311a5878a392" executionId="d59dc034-d1d6-4680-9c70-760f03fd8d40" testListId="8c84fa94-04c1-424b-9868-57a2d4851a1d" />
    <TestEntry testId="bf2652ba-4cc2-e011-2f79-22713ef77a44" executionId="2f65418a-78ea-4f19-8b2a-2b833980d400" testListId="8c84fa94-04c1-424b-9868-57a2d4851a1d" />
    <TestEntry testId="df1a2d2b-51fd-920a-7116-e2c3538c28b7" executionId="27897460-a876-460b-877e-f20a6e1ba039" testListId="8c84fa94-04c1-424b-9868-57a2d4851a1d" />
  </TestEntries>
  <Results>
    <UnitTestResult executionId="11f4a121-e06c-4c17-bfa7-afcea6af3196" testId="01a3e7b8-6b0d-18bb-5f61-d8873826dfaa" testName="SiInitializeMeDevueleOKLlamoAMove" computerName="VIGARCIA-PC" duration="00:00:00.2700481" startTime="2011-06-20T22:22:24.1014453+02:00" endTime="2011-06-20T22:22:24.6162462+02:00" testType="13cdc9d9-ddb5-4fa4-a97d-d965ccfc6d4b" outcome="Passed" testListId="8c84fa94-04c1-424b-9868-57a2d4851a1d" relativeResultsDirectory="11f4a121-e06c-4c17-bfa7-afcea6af3196">
    </UnitTestResult>
    <UnitTestResult executionId="48269900-ee27-4fc0-b75f-3f8bfba587c6" testId="01b6ffec-8b84-4c73-8a63-6723c8bd9ec9" testName="TengoQueLlamarAlSleeperAntesDeTirar" computerName="VIGARCIA-PC" duration="00:00:00.0061079" startTime="2011-06-20T22:22:24.6162462+02:00" endTime="2011-06-20T22:22:24.6318462+02:00" testType="13cdc9d9-ddb5-4fa4-a97d-d965ccfc6d4b" outcome="Passed" testListId="8c84fa94-04c1-424b-9868-57a2d4851a1d" relativeResultsDirectory="48269900-ee27-4fc0-b75f-3f8bfba587c6">
    </UnitTestResult>
    <UnitTestResult executionId="00a71f92-865c-4f9a-9c8c-3a84cc6b7ae0" testId="81afa8e2-1b34-5099-a9e6-9debbfae1d61" testName="NoRepitoDosTiradasConsecutivas" computerName="VIGARCIA-PC" duration="00:00:00.0005556" startTime="2011-06-20T22:22:24.6318462+02:00" endTime="2011-06-20T22:22:24.6474463+02:00" testType="13cdc9d9-ddb5-4fa4-a97d-d965ccfc6d4b" outcome="Passed" testListId="8c84fa94-04c1-424b-9868-57a2d4851a1d" relativeResultsDirectory="00a71f92-865c-4f9a-9c8c-3a84cc6b7ae0">
    </UnitTestResult>
    <UnitTestResult executionId="e1182faf-00c8-47da-b2f8-a71bfe7013f0" testId="8a496610-2df1-5692-f1fb-abdea48d3ea9" testName="DespuesDeMilTiradasTodosLosNumerosEstanEntre0Y100" computerName="VIGARCIA-PC" duration="00:00:00.0004230" startTime="2011-06-20T22:22:24.6474463+02:00" endTime="2011-06-20T22:22:24.6474463+02:00" testType="13cdc9d9-ddb5-4fa4-a97d-d965ccfc6d4b" outcome="Passed" testListId="8c84fa94-04c1-424b-9868-57a2d4851a1d" relativeResultsDirectory="e1182faf-00c8-47da-b2f8-a71bfe7013f0">
    </UnitTestResult>
    <UnitTestResult executionId="88f62260-a3d5-4347-b2a2-25876bb02367" testId="98fb5723-3a3e-267e-9656-ea5dbdb24d73" testName="SiHagoOperacionesQueDuranMasDe200MilisegundosEntreDosLlamadasElTiempoDeEsperaDebeSerInferiorAlTiempoDeLasOperacionesIntermediasMas20Milisegundos" computerName="VIGARCIA-PC" duration="00:00:00.8260476" startTime="2011-06-20T22:22:24.6474463+02:00" endTime="2011-06-20T22:22:25.4898478+02:00" testType="13cdc9d9-ddb5-4fa4-a97d-d965ccfc6d4b" outcome="Failed" testListId="8c84fa94-04c1-424b-9868-57a2d4851a1d" relativeResultsDirectory="88f62260-a3d5-4347-b2a2-25876bb02367">
      <Output>
        <ErrorInfo>
          <Message>Assert.IsTrue failed. El tiempo de espera ha sido de 608 milisegundos</Message>
          <StackTrace>   at RoboExplorers.Test.WaitSomeTimeTest.SiHagoOperacionesQueDuranMasDe200MilisegundosEntreDosLlamadasElTiempoDeEsperaDebeSerInferiorAlTiempoDeLasOperacionesIntermediasMas20Milisegundos() in D:\Codi\iExpertos\Roboexplorers\Iteracion1.2\RoboExplorers.Test\RoboExplorers.Test\WaitSomeTimeTest.cs:line 36
</StackTrace>
        </ErrorInfo>
      </Output>
    </UnitTestResult>
    <UnitTestResult executionId="f3a71cda-c70f-4637-a60b-0f94eef1c9da" testId="a87b2540-300d-8595-b2ae-6881f040bd22" testName="Espero200MilisegundosEntreLlamadas" computerName="VIGARCIA-PC" duration="00:00:00.3984907" startTime="2011-06-20T22:22:25.4898478+02:00" endTime="2011-06-20T22:22:25.8954485+02:00" testType="13cdc9d9-ddb5-4fa4-a97d-d965ccfc6d4b" outcome="Passed" testListId="8c84fa94-04c1-424b-9868-57a2d4851a1d" relativeResultsDirectory="f3a71cda-c70f-4637-a60b-0f94eef1c9da">
    </UnitTestResult>
    <UnitTestResult executionId="d59dc034-d1d6-4680-9c70-760f03fd8d40" testId="aad2a240-d7aa-024c-e579-311a5878a392" testName="SiInitializeNoMeDevueleOKNoLlamoAMove" computerName="VIGARCIA-PC" duration="00:00:00.0064886" startTime="2011-06-20T22:22:25.8954485+02:00" endTime="2011-06-20T22:22:25.9110485+02:00" testType="13cdc9d9-ddb5-4fa4-a97d-d965ccfc6d4b" outcome="Passed" testListId="8c84fa94-04c1-424b-9868-57a2d4851a1d" relativeResultsDirectory="d59dc034-d1d6-4680-9c70-760f03fd8d40">
    </UnitTestResult>
    <UnitTestResult executionId="2f65418a-78ea-4f19-8b2a-2b833980d400" testId="bf2652ba-4cc2-e011-2f79-22713ef77a44" testName="SiElServidorMeDevuelveGameOverDespuesDeUnMovimientoDejoDeMover" computerName="VIGARCIA-PC" duration="00:00:00.0061973" startTime="2011-06-20T22:22:25.9110485+02:00" endTime="2011-06-20T22:22:25.9266485+02:00" testType="13cdc9d9-ddb5-4fa4-a97d-d965ccfc6d4b" outcome="Passed" testListId="8c84fa94-04c1-424b-9868-57a2d4851a1d" relativeResultsDirectory="2f65418a-78ea-4f19-8b2a-2b833980d400">
    </UnitTestResult>
    <UnitTestResult executionId="27897460-a876-460b-877e-f20a6e1ba039" testId="df1a2d2b-51fd-920a-7116-e2c3538c28b7" testName="TengoQueLlamarAlCreadorDeTiradasAntesDeTirar" computerName="VIGARCIA-PC" duration="00:00:00.0037892" startTime="2011-06-20T22:22:25.9266485+02:00" endTime="2011-06-20T22:22:25.9422486+02:00" testType="13cdc9d9-ddb5-4fa4-a97d-d965ccfc6d4b" outcome="Passed" testListId="8c84fa94-04c1-424b-9868-57a2d4851a1d" relativeResultsDirectory="27897460-a876-460b-877e-f20a6e1ba039">
    </UnitTestResult>
  </Results>
</TestRun>