<?xml version="1.0" encoding="UTF-8"?>
<TestRun id="b31d663b-2c6c-4998-9e68-b0c69616c059" name="vigarcia@VIGARCIA-PC 2011-06-20 22:23:29" runUser="vigarcia-PC\vigarcia" xmlns="http://microsoft.com/schemas/VisualStudio/TeamTest/2010">
  <TestSettings name="Local" id="2436ce74-7167-4c3b-9c14-34f93e8fdd86">
    <Description>These are default test settings for a local test run.</Description>
    <Deployment runDeploymentRoot="vigarcia_VIGARCIA-PC 2011-06-20 22_23_29">
      <DeploymentItem filename="D:\Codi\iExpertos\Roboexplorers\3rd party libraries\Moq.dll" />
    </Deployment>
    <Execution>
      <TestTypeSpecific>
        <UnitTestRunConfig testTypeId="13cdc9d9-ddb5-4fa4-a97d-d965ccfc6d4b">
          <AssemblyResolution>
            <TestDirectory useLoadContext="true" />
          </AssemblyResolution>
        </UnitTestRunConfig>
        <WebTestRunConfiguration testTypeId="4e7599fa-5ecb-43e9-a887-cd63cf72d207">
          <Browser name="Internet Explorer 7.0">
            <Headers>
              <Header name="User-Agent" value="Mozilla/4.0 (compatible; MSIE 7.0; Windows NT 5.1)" />
              <Header name="Accept" value="*/*" />
              <Header name="Accept-Language" value="{{$IEAcceptLanguage}}" />
              <Header name="Accept-Encoding" value="GZIP" />
            </Headers>
          </Browser>
        </WebTestRunConfiguration>
      </TestTypeSpecific>
      <AgentRule name="LocalMachineDefaultRole">
        <DataCollectors>
          <DataCollector uri="datacollector://microsoft/CodeCoverage/1.0" assemblyQualifiedName="Microsoft.VisualStudio.TestTools.CodeCoverage.CoveragePlugIn, Microsoft.VisualStudio.QualityTools.Plugins.CodeCoverage, Version=10.0.0.0, Culture=neutral, PublicKeyToken=b03f5f7f11d50a3a" friendlyName="Code Coverage" enabled="false">
            <Configuration>
              <CodeCoverage xmlns="">
                <Regular>
                  <CodeCoverageItem binaryFile="RoboExplorers.Test\bin\Debug\RoboExplorers.Test.dll" pdbFile="RoboExplorers.Test\bin\Debug\RoboExplorers.Test.pdb" instrumentInPlace="true" />
                </Regular>
              </CodeCoverage>
            </Configuration>
          </DataCollector>
        </DataCollectors>
      </AgentRule>
    </Execution>
  </TestSettings>
  <Times creation="2011-06-20T22:23:29.1810485+02:00" queuing="2011-06-20T22:23:45.9257847+02:00" start="2011-06-20T22:23:46.2533853+02:00" finish="2011-06-20T22:24:28.5313598+02:00" />
  <ResultSummary outcome="Error">
    <Counters total="1" executed="1" error="0" failed="0" timeout="0" aborted="1" inconclusive="0" passedButRunAborted="0" notRunnable="0" notExecuted="0" disconnected="0" warning="0" passed="0" completed="0" inProgress="0" pending="0" />
    <RunInfos>
      <RunInfo computerName="VIGARCIA-PC" outcome="Error" timestamp="2011-06-20T22:24:28.5313598+02:00">
        <Text>Test host process exited unexpectedly.</Text>
      </RunInfo>
    </RunInfos>
  </ResultSummary>
  <TestDefinitions>
    <UnitTest name="SiHagoOperacionesQueDuranMasDe200MilisegundosEntreDosLlamadasElTiempoDeEsperaDebeSerInferiorAlTiempoDeLasOperacionesIntermediasMas20Milisegundos" storage="d:\codi\iexpertos\roboexplorers\iteracion1.2\roboexplorers.test\roboexplorers.test\bin\debug\roboexplorers.test.dll" id="98fb5723-3a3e-267e-9656-ea5dbdb24d73">
      <Execution id="719e9552-2d9b-4da8-ab40-4a217eb0cc1f" />
      <TestMethod codeBase="D:/Codi/iExpertos/Roboexplorers/Iteracion1.2/RoboExplorers.Test/RoboExplorers.Test/bin/Debug/RoboExplorers.Test.DLL" adapterTypeName="Microsoft.VisualStudio.TestTools.TestTypes.Unit.UnitTestAdapter, Microsoft.VisualStudio.QualityTools.Tips.UnitTest.Adapter, Version=10.0.0.0, Culture=neutral, PublicKeyToken=b03f5f7f11d50a3a" className="RoboExplorers.Test.WaitSomeTimeTest, RoboExplorers.Test, Version=1.0.0.0, Culture=neutral, PublicKeyToken=null" name="SiHagoOperacionesQueDuranMasDe200MilisegundosEntreDosLlamadasElTiempoDeEsperaDebeSerInferiorAlTiempoDeLasOperacionesIntermediasMas20Milisegundos" />
    </UnitTest>
  </TestDefinitions>
  <TestLists>
    <TestList name="Results Not in a List" id="8c84fa94-04c1-424b-9868-57a2d4851a1d" />
    <TestList name="All Loaded Results" id="19431567-8539-422a-85d7-44ee4e166bda" />
  </TestLists>
  <TestEntries>
    <TestEntry testId="98fb5723-3a3e-267e-9656-ea5dbdb24d73" executionId="719e9552-2d9b-4da8-ab40-4a217eb0cc1f" testListId="8c84fa94-04c1-424b-9868-57a2d4851a1d" />
  </TestEntries>
  <Results>
    <UnitTestResult executionId="719e9552-2d9b-4da8-ab40-4a217eb0cc1f" testId="98fb5723-3a3e-267e-9656-ea5dbdb24d73" testName="SiHagoOperacionesQueDuranMasDe200MilisegundosEntreDosLlamadasElTiempoDeEsperaDebeSerInferiorAlTiempoDeLasOperacionesIntermediasMas20Milisegundos" computerName="VIGARCIA-PC" duration="00:00:42.1063742" startTime="2011-06-20T22:23:46.4249856+02:00" endTime="2011-06-20T22:24:28.5313598+02:00" testType="13cdc9d9-ddb5-4fa4-a97d-d965ccfc6d4b" outcome="Aborted" testListId="8c84fa94-04c1-424b-9868-57a2d4851a1d" relativeResultsDirectory="719e9552-2d9b-4da8-ab40-4a217eb0cc1f">
    </UnitTestResult>
  </Results>
</TestRun>