<?xml version="1.0" encoding="UTF-8"?>
<TestRun id="2017e71a-f6e8-403c-b7a1-91e07c026e5d" name="vigarcia@VIGARCIA-PC 2011-06-20 21:50:04" runUser="vigarcia-PC\vigarcia" xmlns="http://microsoft.com/schemas/VisualStudio/TeamTest/2010">
  <TestSettings name="Local" id="2436ce74-7167-4c3b-9c14-34f93e8fdd86">
    <Description>These are default test settings for a local test run.</Description>
    <Deployment runDeploymentRoot="vigarcia_VIGARCIA-PC 2011-06-20 21_50_04">
      <DeploymentItem filename="D:\Codi\iExpertos\Roboexplorers\3rd party libraries\Moq.dll" />
    </Deployment>
    <Execution>
      <TestTypeSpecific>
        <UnitTestRunConfig testTypeId="13cdc9d9-ddb5-4fa4-a97d-d965ccfc6d4b">
          <AssemblyResolution>
            <TestDirectory useLoadContext="true" />
          </AssemblyResolution>
        </UnitTestRunConfig>
        <WebTestRunConfiguration testTypeId="4e7599fa-5ecb-43e9-a887-cd63cf72d207">
          <Browser name="Internet Explorer 7.0">
            <Headers>
              <Header name="User-Agent" value="Mozilla/4.0 (compatible; MSIE 7.0; Windows NT 5.1)" />
              <Header name="Accept" value="*/*" />
              <Header name="Accept-Language" value="{{$IEAcceptLanguage}}" />
              <Header name="Accept-Encoding" value="GZIP" />
            </Headers>
          </Browser>
        </WebTestRunConfiguration>
      </TestTypeSpecific>
      <AgentRule name="LocalMachineDefaultRole">
        <DataCollectors>
          <DataCollector uri="datacollector://microsoft/CodeCoverage/1.0" assemblyQualifiedName="Microsoft.VisualStudio.TestTools.CodeCoverage.CoveragePlugIn, Microsoft.VisualStudio.QualityTools.Plugins.CodeCoverage, Version=10.0.0.0, Culture=neutral, PublicKeyToken=b03f5f7f11d50a3a" friendlyName="Code Coverage">
            <Configuration>
              <CodeCoverage xmlns="">
                <Regular>
                  <CodeCoverageItem binaryFile="D:\Codi\iExpertos\Roboexplorers\Iteracion1.2\RoboExplorers.Test\RoboExplorers.Test\bin\Debug\RoboExplorers.Test.dll" pdbFile="D:\Codi\iExpertos\Roboexplorers\Iteracion1.2\RoboExplorers.Test\RoboExplorers.Test\bin\Debug\RoboExplorers.Test.instr.pdb" instrumentInPlace="true" />
                </Regular>
              </CodeCoverage>
            </Configuration>
          </DataCollector>
        </DataCollectors>
      </AgentRule>
    </Execution>
  </TestSettings>
  <Times creation="2011-06-20T21:50:04.0493671+02:00" queuing="2011-06-20T21:50:04.3481772+02:00" start="2011-06-20T21:50:04.4105773+02:00" finish="2011-06-20T21:50:07.0001819+02:00" />
  <ResultSummary outcome="Completed">
    <Counters total="7" executed="7" passed="7" error="0" failed="0" timeout="0" aborted="0" inconclusive="0" passedButRunAborted="0" notRunnable="0" notExecuted="0" disconnected="0" warning="0" completed="0" inProgress="0" pending="0" />
    <ResultFiles>
      <ResultFile path="VIGARCIA-PC\data.coverage" />
    </ResultFiles>
  </ResultSummary>
  <TestDefinitions>
    <UnitTest name="TengoQueLlamarAlSleeperAntesDeTirar" storage="d:\codi\iexpertos\roboexplorers\iteracion1.2\roboexplorers.test\roboexplorers.test\bin\debug\roboexplorers.test.dll" id="01b6ffec-8b84-4c73-8a63-6723c8bd9ec9">
      <Execution id="f081dfff-2c40-470a-a36e-a68307a9f048" />
      <TestMethod codeBase="D:/Codi/iExpertos/Roboexplorers/Iteracion1.2/RoboExplorers.Test/RoboExplorers.Test/bin/Debug/RoboExplorers.Test.DLL" adapterTypeName="Microsoft.VisualStudio.TestTools.TestTypes.Unit.UnitTestAdapter, Microsoft.VisualStudio.QualityTools.Tips.UnitTest.Adapter, Version=10.0.0.0, Culture=neutral, PublicKeyToken=b03f5f7f11d50a3a" className="RoboExplorers.Test.RoboExplorerTest, RoboExplorers.Test, Version=1.0.0.0, Culture=neutral, PublicKeyToken=null" name="TengoQueLlamarAlSleeperAntesDeTirar" />
    </UnitTest>
    <UnitTest name="DespuesDeMilTiradasTodosLosNumerosEstanEntre0Y100" storage="d:\codi\iexpertos\roboexplorers\iteracion1.2\roboexplorers.test\roboexplorers.test\bin\debug\roboexplorers.test.dll" id="8a496610-2df1-5692-f1fb-abdea48d3ea9">
      <Execution id="83f7e764-bfa9-46e1-a8b6-a3aa301cb0ef" />
      <TestMethod codeBase="D:/Codi/iExpertos/Roboexplorers/Iteracion1.2/RoboExplorers.Test/RoboExplorers.Test/bin/Debug/RoboExplorers.Test.DLL" adapterTypeName="Microsoft.VisualStudio.TestTools.TestTypes.Unit.UnitTestAdapter, Microsoft.VisualStudio.QualityTools.Tips.UnitTest.Adapter, Version=10.0.0.0, Culture=neutral, PublicKeyToken=b03f5f7f11d50a3a" className="RoboExplorers.Test.DontRepeatMoveCreatorTest, RoboExplorers.Test, Version=1.0.0.0, Culture=neutral, PublicKeyToken=null" name="DespuesDeMilTiradasTodosLosNumerosEstanEntre0Y100" />
    </UnitTest>
    <UnitTest name="SiElServidorMeDevuelveGameOverDespuesDeUnMovimientoDejoDeMover" storage="d:\codi\iexpertos\roboexplorers\iteracion1.2\roboexplorers.test\roboexplorers.test\bin\debug\roboexplorers.test.dll" id="bf2652ba-4cc2-e011-2f79-22713ef77a44">
      <Execution id="0f16e4eb-e581-47c6-83ca-59866de551d6" />
      <TestMethod codeBase="D:/Codi/iExpertos/Roboexplorers/Iteracion1.2/RoboExplorers.Test/RoboExplorers.Test/bin/Debug/RoboExplorers.Test.DLL" adapterTypeName="Microsoft.VisualStudio.TestTools.TestTypes.Unit.UnitTestAdapter, Microsoft.VisualStudio.QualityTools.Tips.UnitTest.Adapter, Version=10.0.0.0, Culture=neutral, PublicKeyToken=b03f5f7f11d50a3a" className="RoboExplorers.Test.RoboExplorerTest, RoboExplorers.Test, Version=1.0.0.0, Culture=neutral, PublicKeyToken=null" name="SiElServidorMeDevuelveGameOverDespuesDeUnMovimientoDejoDeMover" />
    </UnitTest>
    <UnitTest name="NoRepitoDosTiradasConsecutivas" storage="d:\codi\iexpertos\roboexplorers\iteracion1.2\roboexplorers.test\roboexplorers.test\bin\debug\roboexplorers.test.dll" id="81afa8e2-1b34-5099-a9e6-9debbfae1d61">
      <Execution id="d553af63-87eb-4ca5-848d-fa1a14b2d7ee" />
      <TestMethod codeBase="D:/Codi/iExpertos/Roboexplorers/Iteracion1.2/RoboExplorers.Test/RoboExplorers.Test/bin/Debug/RoboExplorers.Test.DLL" adapterTypeName="Microsoft.VisualStudio.TestTools.TestTypes.Unit.UnitTestAdapter, Microsoft.VisualStudio.QualityTools.Tips.UnitTest.Adapter, Version=10.0.0.0, Culture=neutral, PublicKeyToken=b03f5f7f11d50a3a" className="RoboExplorers.Test.DontRepeatMoveCreatorTest, RoboExplorers.Test, Version=1.0.0.0, Culture=neutral, PublicKeyToken=null" name="NoRepitoDosTiradasConsecutivas" />
    </UnitTest>
    <UnitTest name="SiInitializeNoMeDevueleOKNoLlamoAMove" storage="d:\codi\iexpertos\roboexplorers\iteracion1.2\roboexplorers.test\roboexplorers.test\bin\debug\roboexplorers.test.dll" id="aad2a240-d7aa-024c-e579-311a5878a392">
      <Execution id="1a210669-4d17-462e-8db1-85e507a55f1f" />
      <TestMethod codeBase="D:/Codi/iExpertos/Roboexplorers/Iteracion1.2/RoboExplorers.Test/RoboExplorers.Test/bin/Debug/RoboExplorers.Test.DLL" adapterTypeName="Microsoft.VisualStudio.TestTools.TestTypes.Unit.UnitTestAdapter, Microsoft.VisualStudio.QualityTools.Tips.UnitTest.Adapter, Version=10.0.0.0, Culture=neutral, PublicKeyToken=b03f5f7f11d50a3a" className="RoboExplorers.Test.RoboExplorerTest, RoboExplorers.Test, Version=1.0.0.0, Culture=neutral, PublicKeyToken=null" name="SiInitializeNoMeDevueleOKNoLlamoAMove" />
    </UnitTest>
    <UnitTest name="SiInitializeMeDevueleOKLlamoAMove" storage="d:\codi\iexpertos\roboexplorers\iteracion1.2\roboexplorers.test\roboexplorers.test\bin\debug\roboexplorers.test.dll" id="01a3e7b8-6b0d-18bb-5f61-d8873826dfaa">
      <Execution id="3adcdb64-071a-4c2b-bda9-5b6500030310" />
      <TestMethod codeBase="D:/Codi/iExpertos/Roboexplorers/Iteracion1.2/RoboExplorers.Test/RoboExplorers.Test/bin/Debug/RoboExplorers.Test.DLL" adapterTypeName="Microsoft.VisualStudio.TestTools.TestTypes.Unit.UnitTestAdapter, Microsoft.VisualStudio.QualityTools.Tips.UnitTest.Adapter, Version=10.0.0.0, Culture=neutral, PublicKeyToken=b03f5f7f11d50a3a" className="RoboExplorers.Test.RoboExplorerTest, RoboExplorers.Test, Version=1.0.0.0, Culture=neutral, PublicKeyToken=null" name="SiInitializeMeDevueleOKLlamoAMove" />
    </UnitTest>
    <UnitTest name="TengoQueLlamarAlCreadorDeTiradasAntesDeTirar" storage="d:\codi\iexpertos\roboexplorers\iteracion1.2\roboexplorers.test\roboexplorers.test\bin\debug\roboexplorers.test.dll" id="df1a2d2b-51fd-920a-7116-e2c3538c28b7">
      <Execution id="beab1a05-aadd-4bf9-bef4-efbdae788eb1" />
      <TestMethod codeBase="D:/Codi/iExpertos/Roboexplorers/Iteracion1.2/RoboExplorers.Test/RoboExplorers.Test/bin/Debug/RoboExplorers.Test.DLL" adapterTypeName="Microsoft.VisualStudio.TestTools.TestTypes.Unit.UnitTestAdapter, Microsoft.VisualStudio.QualityTools.Tips.UnitTest.Adapter, Version=10.0.0.0, Culture=neutral, PublicKeyToken=b03f5f7f11d50a3a" className="RoboExplorers.Test.RoboExplorerTest, RoboExplorers.Test, Version=1.0.0.0, Culture=neutral, PublicKeyToken=null" name="TengoQueLlamarAlCreadorDeTiradasAntesDeTirar" />
    </UnitTest>
  </TestDefinitions>
  <TestLists>
    <TestList name="Results Not in a List" id="8c84fa94-04c1-424b-9868-57a2d4851a1d" />
    <TestList name="All Loaded Results" id="19431567-8539-422a-85d7-44ee4e166bda" />
  </TestLists>
  <TestEntries>
    <TestEntry testId="01a3e7b8-6b0d-18bb-5f61-d8873826dfaa" executionId="3adcdb64-071a-4c2b-bda9-5b6500030310" testListId="8c84fa94-04c1-424b-9868-57a2d4851a1d" />
    <TestEntry testId="01b6ffec-8b84-4c73-8a63-6723c8bd9ec9" executionId="f081dfff-2c40-470a-a36e-a68307a9f048" testListId="8c84fa94-04c1-424b-9868-57a2d4851a1d" />
    <TestEntry testId="81afa8e2-1b34-5099-a9e6-9debbfae1d61" executionId="d553af63-87eb-4ca5-848d-fa1a14b2d7ee" testListId="8c84fa94-04c1-424b-9868-57a2d4851a1d" />
    <TestEntry testId="8a496610-2df1-5692-f1fb-abdea48d3ea9" executionId="83f7e764-bfa9-46e1-a8b6-a3aa301cb0ef" testListId="8c84fa94-04c1-424b-9868-57a2d4851a1d" />
    <TestEntry testId="aad2a240-d7aa-024c-e579-311a5878a392" executionId="1a210669-4d17-462e-8db1-85e507a55f1f" testListId="8c84fa94-04c1-424b-9868-57a2d4851a1d" />
    <TestEntry testId="bf2652ba-4cc2-e011-2f79-22713ef77a44" executionId="0f16e4eb-e581-47c6-83ca-59866de551d6" testListId="8c84fa94-04c1-424b-9868-57a2d4851a1d" />
    <TestEntry testId="df1a2d2b-51fd-920a-7116-e2c3538c28b7" executionId="beab1a05-aadd-4bf9-bef4-efbdae788eb1" testListId="8c84fa94-04c1-424b-9868-57a2d4851a1d" />
  </TestEntries>
  <Results>
    <UnitTestResult executionId="3adcdb64-071a-4c2b-bda9-5b6500030310" testId="01a3e7b8-6b0d-18bb-5f61-d8873826dfaa" testName="SiInitializeMeDevueleOKLlamoAMove" computerName="VIGARCIA-PC" duration="00:00:00.2626976" startTime="2011-06-20T21:50:05.0813785+02:00" endTime="2011-06-20T21:50:05.5805794+02:00" testType="13cdc9d9-ddb5-4fa4-a97d-d965ccfc6d4b" outcome="Passed" testListId="8c84fa94-04c1-424b-9868-57a2d4851a1d" relativeResultsDirectory="3adcdb64-071a-4c2b-bda9-5b6500030310">
    </UnitTestResult>
    <UnitTestResult executionId="f081dfff-2c40-470a-a36e-a68307a9f048" testId="01b6ffec-8b84-4c73-8a63-6723c8bd9ec9" testName="TengoQueLlamarAlSleeperAntesDeTirar" computerName="VIGARCIA-PC" duration="00:00:00.0055296" startTime="2011-06-20T21:50:05.5961794+02:00" endTime="2011-06-20T21:50:05.5961794+02:00" testType="13cdc9d9-ddb5-4fa4-a97d-d965ccfc6d4b" outcome="Passed" testListId="8c84fa94-04c1-424b-9868-57a2d4851a1d" relativeResultsDirectory="f081dfff-2c40-470a-a36e-a68307a9f048">
    </UnitTestResult>
    <UnitTestResult executionId="d553af63-87eb-4ca5-848d-fa1a14b2d7ee" testId="81afa8e2-1b34-5099-a9e6-9debbfae1d61" testName="NoRepitoDosTiradasConsecutivas" computerName="VIGARCIA-PC" duration="00:00:00.0028165" startTime="2011-06-20T21:50:05.6117794+02:00" endTime="2011-06-20T21:50:05.6273795+02:00" testType="13cdc9d9-ddb5-4fa4-a97d-d965ccfc6d4b" outcome="Passed" testListId="8c84fa94-04c1-424b-9868-57a2d4851a1d" relativeResultsDirectory="d553af63-87eb-4ca5-848d-fa1a14b2d7ee">
    </UnitTestResult>
    <UnitTestResult executionId="83f7e764-bfa9-46e1-a8b6-a3aa301cb0ef" testId="8a496610-2df1-5692-f1fb-abdea48d3ea9" testName="DespuesDeMilTiradasTodosLosNumerosEstanEntre0Y100" computerName="VIGARCIA-PC" duration="00:00:00.0003888" startTime="2011-06-20T21:50:05.6273795+02:00" endTime="2011-06-20T21:50:05.6273795+02:00" testType="13cdc9d9-ddb5-4fa4-a97d-d965ccfc6d4b" outcome="Passed" testListId="8c84fa94-04c1-424b-9868-57a2d4851a1d" relativeResultsDirectory="83f7e764-bfa9-46e1-a8b6-a3aa301cb0ef">
    </UnitTestResult>
    <UnitTestResult executionId="1a210669-4d17-462e-8db1-85e507a55f1f" testId="aad2a240-d7aa-024c-e579-311a5878a392" testName="SiInitializeNoMeDevueleOKNoLlamoAMove" computerName="VIGARCIA-PC" duration="00:00:00.0060407" startTime="2011-06-20T21:50:05.6273795+02:00" endTime="2011-06-20T21:50:05.6429795+02:00" testType="13cdc9d9-ddb5-4fa4-a97d-d965ccfc6d4b" outcome="Passed" testListId="8c84fa94-04c1-424b-9868-57a2d4851a1d" relativeResultsDirectory="1a210669-4d17-462e-8db1-85e507a55f1f">
    </UnitTestResult>
    <UnitTestResult executionId="0f16e4eb-e581-47c6-83ca-59866de551d6" testId="bf2652ba-4cc2-e011-2f79-22713ef77a44" testName="SiElServidorMeDevuelveGameOverDespuesDeUnMovimientoDejoDeMover" computerName="VIGARCIA-PC" duration="00:00:00.0048923" startTime="2011-06-20T21:50:05.6429795+02:00" endTime="2011-06-20T21:50:05.6585795+02:00" testType="13cdc9d9-ddb5-4fa4-a97d-d965ccfc6d4b" outcome="Passed" testListId="8c84fa94-04c1-424b-9868-57a2d4851a1d" relativeResultsDirectory="0f16e4eb-e581-47c6-83ca-59866de551d6">
    </UnitTestResult>
    <UnitTestResult executionId="beab1a05-aadd-4bf9-bef4-efbdae788eb1" testId="df1a2d2b-51fd-920a-7116-e2c3538c28b7" testName="TengoQueLlamarAlCreadorDeTiradasAntesDeTirar" computerName="VIGARCIA-PC" duration="00:00:00.0036955" startTime="2011-06-20T21:50:05.6585795+02:00" endTime="2011-06-20T21:50:05.6585795+02:00" testType="13cdc9d9-ddb5-4fa4-a97d-d965ccfc6d4b" outcome="Passed" testListId="8c84fa94-04c1-424b-9868-57a2d4851a1d" relativeResultsDirectory="beab1a05-aadd-4bf9-bef4-efbdae788eb1">
    </UnitTestResult>
  </Results>
</TestRun>