<?xml version="1.0" encoding="UTF-8"?>
<TestRun id="50f0f56a-1e69-47be-994f-b0485f3239d8" name="vigarcia@VIGARCIA-PC 2011-06-20 22:08:19" runUser="vigarcia-PC\vigarcia" xmlns="http://microsoft.com/schemas/VisualStudio/TeamTest/2010">
  <TestSettings name="Local" id="2436ce74-7167-4c3b-9c14-34f93e8fdd86">
    <Description>These are default test settings for a local test run.</Description>
    <Deployment runDeploymentRoot="vigarcia_VIGARCIA-PC 2011-06-20 22_08_19">
      <DeploymentItem filename="D:\Codi\iExpertos\Roboexplorers\3rd party libraries\Moq.dll" />
    </Deployment>
    <Execution>
      <TestTypeSpecific>
        <UnitTestRunConfig testTypeId="13cdc9d9-ddb5-4fa4-a97d-d965ccfc6d4b">
          <AssemblyResolution>
            <TestDirectory useLoadContext="true" />
          </AssemblyResolution>
        </UnitTestRunConfig>
        <WebTestRunConfiguration testTypeId="4e7599fa-5ecb-43e9-a887-cd63cf72d207">
          <Browser name="Internet Explorer 7.0">
            <Headers>
              <Header name="User-Agent" value="Mozilla/4.0 (compatible; MSIE 7.0; Windows NT 5.1)" />
              <Header name="Accept" value="*/*" />
              <Header name="Accept-Language" value="{{$IEAcceptLanguage}}" />
              <Header name="Accept-Encoding" value="GZIP" />
            </Headers>
          </Browser>
        </WebTestRunConfiguration>
      </TestTypeSpecific>
      <AgentRule name="LocalMachineDefaultRole">
        <DataCollectors>
          <DataCollector uri="datacollector://microsoft/CodeCoverage/1.0" assemblyQualifiedName="Microsoft.VisualStudio.TestTools.CodeCoverage.CoveragePlugIn, Microsoft.VisualStudio.QualityTools.Plugins.CodeCoverage, Version=10.0.0.0, Culture=neutral, PublicKeyToken=b03f5f7f11d50a3a" friendlyName="Code Coverage">
            <Configuration>
              <CodeCoverage xmlns="">
                <Regular>
                  <CodeCoverageItem binaryFile="D:\Codi\iExpertos\Roboexplorers\Iteracion1.2\RoboExplorers.Test\RoboExplorers.Test\bin\Debug\RoboExplorers.Test.dll" pdbFile="D:\Codi\iExpertos\Roboexplorers\Iteracion1.2\RoboExplorers.Test\RoboExplorers.Test\bin\Debug\RoboExplorers.Test.instr.pdb" instrumentInPlace="true" />
                </Regular>
              </CodeCoverage>
            </Configuration>
          </DataCollector>
        </DataCollectors>
      </AgentRule>
    </Execution>
  </TestSettings>
  <Times creation="2011-06-20T22:08:19.9434498+02:00" queuing="2011-06-20T22:08:20.2834564+02:00" start="2011-06-20T22:08:20.3334564+02:00" finish="2011-06-20T22:08:22.9134601+02:00" />
  <ResultSummary outcome="Completed">
    <Counters total="1" executed="1" passed="1" error="0" failed="0" timeout="0" aborted="0" inconclusive="0" passedButRunAborted="0" notRunnable="0" notExecuted="0" disconnected="0" warning="0" completed="0" inProgress="0" pending="0" />
    <ResultFiles>
      <ResultFile path="VIGARCIA-PC\data.coverage" />
    </ResultFiles>
  </ResultSummary>
  <TestDefinitions>
    <UnitTest name="Espero200MilisegundosEntreLlamadas" storage="d:\codi\iexpertos\roboexplorers\iteracion1.2\roboexplorers.test\roboexplorers.test\bin\debug\roboexplorers.test.dll" id="a87b2540-300d-8595-b2ae-6881f040bd22">
      <Execution id="8dbbe3c3-57a3-4e05-8521-c15ab8a85743" />
      <TestMethod codeBase="D:/Codi/iExpertos/Roboexplorers/Iteracion1.2/RoboExplorers.Test/RoboExplorers.Test/bin/Debug/RoboExplorers.Test.DLL" adapterTypeName="Microsoft.VisualStudio.TestTools.TestTypes.Unit.UnitTestAdapter, Microsoft.VisualStudio.QualityTools.Tips.UnitTest.Adapter, Version=10.0.0.0, Culture=neutral, PublicKeyToken=b03f5f7f11d50a3a" className="RoboExplorers.Test.WaitSomeTimeTest, RoboExplorers.Test, Version=1.0.0.0, Culture=neutral, PublicKeyToken=null" name="Espero200MilisegundosEntreLlamadas" />
    </UnitTest>
  </TestDefinitions>
  <TestLists>
    <TestList name="Results Not in a List" id="8c84fa94-04c1-424b-9868-57a2d4851a1d" />
    <TestList name="All Loaded Results" id="19431567-8539-422a-85d7-44ee4e166bda" />
  </TestLists>
  <TestEntries>
    <TestEntry testId="a87b2540-300d-8595-b2ae-6881f040bd22" executionId="8dbbe3c3-57a3-4e05-8521-c15ab8a85743" testListId="8c84fa94-04c1-424b-9868-57a2d4851a1d" />
  </TestEntries>
  <Results>
    <UnitTestResult executionId="8dbbe3c3-57a3-4e05-8521-c15ab8a85743" testId="a87b2540-300d-8595-b2ae-6881f040bd22" testName="Espero200MilisegundosEntreLlamadas" computerName="VIGARCIA-PC" duration="00:00:00.4128743" startTime="2011-06-20T22:08:21.0334574+02:00" endTime="2011-06-20T22:08:21.6934583+02:00" testType="13cdc9d9-ddb5-4fa4-a97d-d965ccfc6d4b" outcome="Passed" testListId="8c84fa94-04c1-424b-9868-57a2d4851a1d" relativeResultsDirectory="8dbbe3c3-57a3-4e05-8521-c15ab8a85743">
    </UnitTestResult>
  </Results>
</TestRun>